2020-07-31T16:17:48.147Z - info: [12:17:48 AM] Reload for file change: C:\repos\nus-cs2103-AY2021S1\cs2103-website\book\cppToJava\controlFlow\methods\text.md
2020-07-31T16:17:48.167Z - info: [12:17:48 AM] Reload for file change: C:\repos\nus-cs2103-AY2021S1\cs2103-website\book\cppToJava\dataTypes\operators\text.md
2020-07-31T16:17:48.175Z - info: [12:17:48 AM] Reload for file change: C:\repos\nus-cs2103-AY2021S1\cs2103-website\book\cppToJava\controlFlow\loops\text.md
2020-07-31T16:17:48.177Z - info: [12:17:48 AM] Reload for file change: C:\repos\nus-cs2103-AY2021S1\cs2103-website\book\cppToJava\dataTypes\primitiveTypes\text.md
2020-07-31T16:17:48.178Z - info: [12:17:48 AM] Reload for file change: C:\repos\nus-cs2103-AY2021S1\cs2103-website\book\cppToJava\dataTypes\variables\text.md
2020-07-31T16:17:49.276Z - info: No pages needed to be rebuilt
2020-07-31T16:22:29.335Z - info: Website generation started at 12:22:26 AM
2020-07-31T16:22:38.096Z - info: Building assets...
2020-07-31T16:22:43.526Z - info: Assets built
2020-07-31T16:22:43.527Z - info: Generating pages...
2020-07-31T16:22:56.904Z - debug: The process cannot access the file because it is being used by another process.

2020-07-31T16:22:56.905Z - debug: The process cannot access the file because it is being used by another process.

2020-07-31T16:23:01.168Z - debug:  
2020-07-31T16:23:01.171Z - debug:  
2020-07-31T16:23:01.176Z - debug:  
2020-07-31T16:23:01.176Z - debug:  
2020-07-31T16:23:01.352Z - debug:  
2020-07-31T16:23:01.713Z - debug:  
2020-07-31T16:23:02.135Z - debug:  
2020-07-31T16:23:09.693Z - debug:  
2020-07-31T16:23:09.698Z - debug:  
2020-07-31T16:23:12.487Z - debug: The process cannot access the file because it is being used by another process.

2020-07-31T16:23:12.487Z - debug: The process cannot access the file because it is being used by another process.

2020-07-31T16:23:12.488Z - debug:  
2020-07-31T16:23:12.488Z - debug:  
2020-07-31T16:23:12.488Z - debug:  
2020-07-31T16:23:12.488Z - debug:  
2020-07-31T16:23:13.203Z - debug: The process cannot access the file because it is being used by another process.

2020-07-31T16:23:13.204Z - debug: The process cannot access the file because it is being used by another process.

2020-07-31T16:23:16.652Z - debug:  
2020-07-31T16:23:16.652Z - debug:  
2020-07-31T16:23:40.644Z - debug: The process cannot access the file because it is being used by another process.

2020-07-31T16:23:40.647Z - debug: The process cannot access the file because it is being used by another process.

2020-07-31T16:23:41.317Z - debug:  
2020-07-31T16:23:41.445Z - debug:  
2020-07-31T16:23:44.683Z - debug: The process cannot access the file because it is being used by another process.

2020-07-31T16:23:44.683Z - debug: The process cannot access the file because it is being used by another process.

2020-07-31T16:23:44.683Z - debug:  
2020-07-31T16:23:44.684Z - debug:  
2020-07-31T16:23:52.211Z - debug: The process cannot access the file because it is being used by another process.

2020-07-31T16:23:55.222Z - debug: The process cannot access the file because it is being used by another process.

2020-07-31T16:23:55.223Z - debug:  
2020-07-31T16:24:19.421Z - debug:  
2020-07-31T16:24:19.422Z - debug:  
2020-07-31T16:24:19.422Z - debug:  
2020-07-31T16:24:19.423Z - debug:  
2020-07-31T16:24:24.377Z - debug:  
2020-07-31T16:24:24.569Z - debug:  
2020-07-31T16:24:27.121Z - debug:  
2020-07-31T16:24:34.695Z - debug:  
2020-07-31T16:24:35.448Z - debug:  
2020-07-31T16:24:35.449Z - debug:  
2020-07-31T16:24:35.449Z - debug:  
2020-07-31T16:24:43.283Z - debug:  
2020-07-31T16:24:44.193Z - debug:  
2020-07-31T16:24:49.358Z - debug:  
2020-07-31T16:25:02.187Z - debug:  
2020-07-31T16:25:02.188Z - debug:  
2020-07-31T16:25:06.397Z - debug:  
2020-07-31T16:25:06.397Z - debug:  
2020-07-31T16:25:19.864Z - debug:  
2020-07-31T16:26:09.120Z - debug:  
2020-07-31T16:26:33.919Z - debug:  
2020-07-31T16:26:33.920Z - debug:  
2020-07-31T16:26:49.078Z - info: Pages built
2020-07-31T16:27:26.430Z - info: Website generation complete! Total build time: 299.809s
2020-07-31T16:27:26.437Z - info: Build success!
2020-07-31T16:27:26.438Z - debug:  
2020-07-31T16:27:26.441Z - info: Site data built
2020-07-31T16:28:17.606Z - info: Deployed!
2020-07-31T16:29:53.248Z - info: Website generation started at 12:29:48 AM
2020-07-31T16:30:02.610Z - info: Building assets...
