2020-08-16T16:00:32.987Z - info: [12:00:32 AM] Reload for file change: C:\repos\nus-cs2103-AY2021S1\cs2103-website\admin\index-tic2002.mbdf
2020-08-16T16:00:34.018Z - info: Rebuilding 1 pages
2020-08-16T16:00:36.010Z - info: Pages rebuilt
2020-08-16T16:00:36.010Z - info: Website regeneration complete! Total build time: 1.994s
2020-08-16T16:00:36.019Z - info: Site data built
2020-08-16T16:03:05.358Z - info: [12:03:05 AM] Reload for file change: C:\repos\nus-cs2103-AY2021S1\cs2103-website\admin\index-tic2002.mbdf
2020-08-16T16:03:06.364Z - info: Rebuilding 1 pages
2020-08-16T16:03:08.309Z - info: Pages rebuilt
2020-08-16T16:03:08.310Z - info: Website regeneration complete! Total build time: 1.948s
2020-08-16T16:03:08.318Z - info: Site data built
2020-08-16T16:04:28.220Z - info: [12:04:28 AM] Reload for file change: C:\repos\nus-cs2103-AY2021S1\cs2103-website\admin\index-tic2002.mbdf
2020-08-16T16:04:29.227Z - info: Rebuilding 1 pages
2020-08-16T16:04:31.286Z - info: Pages rebuilt
2020-08-16T16:04:31.287Z - info: Website regeneration complete! Total build time: 2.061s
2020-08-16T16:04:31.293Z - info: Site data built
2020-08-16T16:05:09.719Z - info: [12:05:09 AM] Reload for file change: C:\repos\nus-cs2103-AY2021S1\cs2103-website\admin\index-tic2002.mbdf
2020-08-16T16:05:10.740Z - info: Rebuilding 1 pages
2020-08-16T16:05:12.559Z - info: Pages rebuilt
2020-08-16T16:05:12.560Z - info: Website regeneration complete! Total build time: 1.822s
2020-08-16T16:05:12.571Z - info: Site data built
2020-08-16T16:08:26.901Z - info: [12:08:26 AM] Reload for file change: C:\repos\nus-cs2103-AY2021S1\cs2103-website\admin\index-tic2002.mbdf
2020-08-16T16:08:27.907Z - info: Rebuilding 1 pages
2020-08-16T16:08:29.763Z - info: Pages rebuilt
2020-08-16T16:08:29.763Z - info: Website regeneration complete! Total build time: 1.859s
2020-08-16T16:08:29.768Z - info: Site data built
2020-08-16T16:14:21.189Z - info: Website generation started at 12:14:14 AM
2020-08-16T16:14:30.630Z - info: Building assets...
