2020-08-10T12:24:26.145Z - info: Website generation (lazy) started at 8:24:24 PM
2020-08-10T12:24:29.525Z - info: Building assets...
2020-08-10T12:24:32.973Z - info: Assets built
2020-08-10T12:24:32.973Z - info: Generating landing page...
2020-08-10T12:24:34.776Z - info: Landing page built, other pages will be built as you navigate to them!
2020-08-10T12:24:34.964Z - info: Website generation (lazy) complete! Total build time: 10.707s
2020-08-10T12:24:35.410Z - info: Serving "C:\repos\nus-cs2103-AY2021S1\cs2103-website\_site" at http://127.0.0.1:8080
2020-08-10T12:24:35.410Z - info: Press CTRL+C to stop ...
2020-08-10T12:24:35.511Z - info: Site data built
2020-08-10T12:33:08.113Z - info: [8:33:08 PM] Reload for file change: C:\repos\nus-cs2103-AY2021S1\cs2103-website\admin\index-tic2002.mbdf
2020-08-10T12:33:09.117Z - info: Rebuilding 1 pages
2020-08-10T12:33:10.366Z - info: Pages rebuilt
2020-08-10T12:33:10.367Z - info: Website regeneration complete! Total build time: 1.25s
2020-08-10T12:33:10.373Z - info: Site data built
2020-08-10T12:35:00.479Z - info: [8:35:00 PM] Reload for file change: C:\repos\nus-cs2103-AY2021S1\cs2103-website\admin\index-tic2002.mbdf
2020-08-10T12:35:01.485Z - info: Rebuilding 1 pages
2020-08-10T12:35:02.685Z - info: Pages rebuilt
2020-08-10T12:35:02.685Z - info: Website regeneration complete! Total build time: 1.201s
2020-08-10T12:35:02.691Z - info: Site data built
2020-08-10T12:35:09.607Z - info: [8:35:09 PM] Reload for file change: C:\repos\nus-cs2103-AY2021S1\cs2103-website\admin\index-tic2002.mbdf
2020-08-10T12:35:10.609Z - info: Rebuilding 1 pages
2020-08-10T12:35:11.741Z - info: Pages rebuilt
2020-08-10T12:35:11.742Z - info: Website regeneration complete! Total build time: 1.134s
2020-08-10T12:35:11.748Z - info: Site data built
2020-08-10T12:35:34.893Z - info: [8:35:34 PM] Reload for file change: C:\repos\nus-cs2103-AY2021S1\cs2103-website\admin\index-tic2002.mbdf
2020-08-10T12:35:35.898Z - info: Rebuilding 1 pages
2020-08-10T12:35:37.081Z - info: Pages rebuilt
2020-08-10T12:35:37.081Z - info: Website regeneration complete! Total build time: 1.185s
2020-08-10T12:35:37.087Z - info: Site data built
2020-08-10T12:35:55.562Z - info: [8:35:55 PM] Reload for file change: C:\repos\nus-cs2103-AY2021S1\cs2103-website\admin\index-tic2002.mbdf
2020-08-10T12:35:56.568Z - info: Rebuilding 1 pages
2020-08-10T12:35:57.720Z - info: Pages rebuilt
2020-08-10T12:35:57.720Z - info: Website regeneration complete! Total build time: 1.155s
2020-08-10T12:35:57.726Z - info: Site data built
2020-08-10T12:36:20.496Z - info: [8:36:20 PM] Reload for file change: C:\repos\nus-cs2103-AY2021S1\cs2103-website\admin\index-tic2002.mbdf
2020-08-10T12:36:21.501Z - info: Rebuilding 1 pages
2020-08-10T12:36:22.704Z - info: Pages rebuilt
2020-08-10T12:36:22.704Z - info: Website regeneration complete! Total build time: 1.204s
2020-08-10T12:36:22.710Z - info: Site data built
2020-08-10T12:38:04.688Z - info: [8:38:04 PM] Reload for file change: C:\repos\nus-cs2103-AY2021S1\cs2103-website\admin\index-tic2002.mbdf
2020-08-10T12:38:05.696Z - info: Rebuilding 1 pages
2020-08-10T12:38:06.927Z - info: Pages rebuilt
2020-08-10T12:38:06.928Z - info: Website regeneration complete! Total build time: 1.233s
2020-08-10T12:38:06.933Z - info: Site data built
2020-08-10T12:40:23.272Z - info: [8:40:23 PM] Reload for file change: C:\repos\nus-cs2103-AY2021S1\cs2103-website\admin\index-tic2002.mbdf
2020-08-10T12:40:24.276Z - info: Rebuilding 1 pages
2020-08-10T12:40:25.507Z - info: Pages rebuilt
2020-08-10T12:40:25.507Z - info: Website regeneration complete! Total build time: 1.233s
2020-08-10T12:40:25.513Z - info: Site data built
2020-08-10T12:42:03.518Z - info: [8:42:03 PM] Reload for file change: C:\repos\nus-cs2103-AY2021S1\cs2103-website\admin\index-tic2002.mbdf
2020-08-10T12:42:04.524Z - info: Rebuilding 1 pages
2020-08-10T12:42:05.926Z - info: Pages rebuilt
2020-08-10T12:42:05.926Z - info: Website regeneration complete! Total build time: 1.405s
2020-08-10T12:42:05.931Z - info: Site data built
2020-08-10T12:42:58.570Z - info: [8:42:58 PM] Reload for file change: C:\repos\nus-cs2103-AY2021S1\cs2103-website\admin\index-tic2002.mbdf
2020-08-10T12:42:59.574Z - info: Rebuilding 1 pages
2020-08-10T12:43:00.780Z - info: Pages rebuilt
2020-08-10T12:43:00.780Z - info: Website regeneration complete! Total build time: 1.207s
2020-08-10T12:43:00.786Z - info: Site data built
2020-08-10T12:44:12.527Z - info: [8:44:12 PM] Reload for file change: C:\repos\nus-cs2103-AY2021S1\cs2103-website\admin\index-tic2002.mbdf
2020-08-10T12:44:13.530Z - info: Rebuilding 1 pages
2020-08-10T12:44:14.818Z - info: Pages rebuilt
2020-08-10T12:44:14.818Z - info: Website regeneration complete! Total build time: 1.289s
2020-08-10T12:44:14.824Z - info: Site data built
2020-08-10T12:45:47.053Z - info: [8:45:47 PM] Reload for file change: C:\repos\nus-cs2103-AY2021S1\cs2103-website\admin\index-tic2002.mbdf
2020-08-10T12:45:48.059Z - info: Rebuilding 1 pages
2020-08-10T12:45:49.258Z - info: Pages rebuilt
2020-08-10T12:45:49.258Z - info: Website regeneration complete! Total build time: 1.201s
2020-08-10T12:45:49.264Z - info: Site data built
2020-08-10T12:49:10.418Z - info: [8:49:10 PM] Reload for file change: C:\repos\nus-cs2103-AY2021S1\cs2103-website\admin\index-tic2002.mbdf
2020-08-10T12:49:11.423Z - info: Rebuilding 1 pages
2020-08-10T12:49:12.626Z - info: Pages rebuilt
2020-08-10T12:49:12.626Z - info: Website regeneration complete! Total build time: 1.204s
2020-08-10T12:49:12.633Z - info: Site data built
2020-08-10T12:50:00.227Z - info: [8:50:00 PM] Reload for file change: C:\repos\nus-cs2103-AY2021S1\cs2103-website\admin\index-tic2002.mbdf
2020-08-10T12:50:01.232Z - info: Rebuilding 1 pages
2020-08-10T12:50:02.424Z - info: Pages rebuilt
2020-08-10T12:50:02.425Z - info: Website regeneration complete! Total build time: 1.194s
2020-08-10T12:50:02.431Z - info: Site data built
2020-08-10T12:50:26.000Z - info: [8:50:25 PM] Reload for file change: C:\repos\nus-cs2103-AY2021S1\cs2103-website\admin\index-tic2002.mbdf
2020-08-10T12:50:27.006Z - info: Rebuilding 1 pages
2020-08-10T12:50:28.165Z - info: Pages rebuilt
2020-08-10T12:50:28.165Z - info: Website regeneration complete! Total build time: 1.161s
2020-08-10T12:50:28.175Z - info: Site data built
2020-08-10T13:06:27.858Z - info: Website generation started at 9:06:26 PM
2020-08-10T13:06:31.327Z - info: Building assets...
