2020-11-28T13:06:43.668Z - info: Website generation (lazy) started at 9:06:39 PM
2020-11-28T13:06:54.338Z - info: Building assets...
2020-11-28T13:06:59.952Z - info: Assets built
2020-11-28T13:06:59.953Z - info: Generating landing page...
2020-11-28T13:07:00.848Z - info: Landing page built, other pages will be built as you navigate to them!
2020-11-28T13:07:00.967Z - info: Website generation (lazy) complete! Total build time: 21.213s
2020-11-28T13:07:01.818Z - info: Serving "C:\repos\nus-cs2103-AY2021S1\cs2103-website\_site" at http://127.0.0.1:8080
2020-11-28T13:07:01.818Z - info: Press CTRL+C to stop ...
2020-11-28T13:07:01.886Z - info: Site data built
2020-11-28T13:08:48.066Z - info: Building C:\repos\nus-cs2103-AY2021S1\cs2103-website\admin\index as some of its dependencies were changed since the last visit
2020-11-28T13:08:50.228Z - info: Site data built
2020-11-28T13:08:50.228Z - info: Lazy website regeneration complete! Total build time: 2.163s
2020-11-28T13:12:05.847Z - info: [9:12:05 PM] Reload for file change: C:\repos\nus-cs2103-AY2021S1\cs2103-website\admin\tp-pe.mbdf
2020-11-28T13:12:05.871Z - info: [9:12:05 PM] Reload for file change: C:\repos\nus-cs2103-AY2021S1\cs2103-website\admin\exams.md
2020-11-28T13:12:06.857Z - info: Rebuilding 1 pages
2020-11-28T13:12:08.668Z - info: Pages rebuilt
2020-11-28T13:12:08.668Z - info: Website regeneration complete! Total build time: 1.816s
2020-11-28T13:12:08.684Z - info: Site data built
2020-11-28T13:12:39.204Z - info: [9:12:39 PM] Reload for file change: C:\repos\nus-cs2103-AY2021S1\cs2103-website\admin\exams.md
2020-11-28T13:12:40.213Z - info: Rebuilding 1 pages
2020-11-28T13:12:42.059Z - info: Pages rebuilt
2020-11-28T13:12:42.059Z - info: Website regeneration complete! Total build time: 1.85s
2020-11-28T13:12:42.069Z - info: Site data built
2020-11-28T13:12:58.098Z - info: [9:12:58 PM] Reload for file change: C:\repos\nus-cs2103-AY2021S1\cs2103-website\admin\exams.md
2020-11-28T13:12:59.100Z - info: Rebuilding 1 pages
2020-11-28T13:13:00.720Z - info: Pages rebuilt
2020-11-28T13:13:00.720Z - info: Website regeneration complete! Total build time: 1.621s
2020-11-28T13:13:00.726Z - info: Site data built
2020-11-28T13:13:22.423Z - info: [9:13:22 PM] Reload for file change: C:\repos\nus-cs2103-AY2021S1\cs2103-website\admin\exams.md
2020-11-28T13:13:23.430Z - info: Rebuilding 1 pages
2020-11-28T13:13:25.090Z - info: Pages rebuilt
2020-11-28T13:13:25.090Z - info: Website regeneration complete! Total build time: 1.661s
2020-11-28T13:13:25.095Z - info: Site data built
2020-11-28T13:13:28.228Z - info: [9:13:28 PM] Reload for file change: C:\repos\nus-cs2103-AY2021S1\cs2103-website\admin\exams.md
2020-11-28T13:13:29.233Z - info: Rebuilding 1 pages
2020-11-28T13:13:30.691Z - info: Pages rebuilt
2020-11-28T13:13:30.691Z - info: Website regeneration complete! Total build time: 1.461s
2020-11-28T13:13:30.742Z - info: Site data built
2020-11-28T13:16:14.738Z - info: Website generation started at 9:16:11 PM
2020-11-28T13:16:23.531Z - info: Building assets...
