2020-09-29T16:03:38.207Z - info: [12:03:38 AM] Reload for file change: C:\repos\nus-cs2103-AY2021S1\cs2103-website\admin\common-commentary.mbdf
2020-09-29T16:03:38.226Z - info: [12:03:38 AM] Reload for file change: C:\repos\nus-cs2103-AY2021S1\cs2103-website\schedule\week7\commentary-cs2103.mbdf
2020-09-29T16:03:39.239Z - info: No pages needed to be rebuilt
2020-09-29T16:04:07.937Z - info: Website generation started at 12:04:04 AM
2020-09-29T16:04:21.107Z - info: Building assets...
2020-09-29T16:04:29.506Z - info: Assets built
2020-09-29T16:04:29.507Z - info: Generating pages...
2020-09-29T16:04:52.021Z - debug: The process cannot access the file because it is being used by another process.

2020-09-29T16:04:52.023Z - debug: The process cannot access the file because it is being used by another process.

2020-09-29T16:04:55.103Z - debug:  
2020-09-29T16:04:55.104Z - debug:  
2020-09-29T16:04:55.105Z - debug:  
2020-09-29T16:04:55.105Z - debug:  
2020-09-29T16:04:55.108Z - debug:  
2020-09-29T16:04:55.188Z - debug:  
2020-09-29T16:05:02.921Z - debug: The process cannot access the file because it is being used by another process.

2020-09-29T16:05:02.922Z - debug: The process cannot access the file because it is being used by another process.

2020-09-29T16:05:02.922Z - debug: The process cannot access the file because it is being used by another process.

2020-09-29T16:05:02.922Z - debug: The process cannot access the file because it is being used by another process.

2020-09-29T16:05:02.922Z - debug:  
2020-09-29T16:05:02.923Z - debug:  
2020-09-29T16:05:02.923Z - debug:  
2020-09-29T16:05:02.923Z - debug:  
2020-09-29T16:05:09.425Z - debug: The process cannot access the file because it is being used by another process.

2020-09-29T16:05:09.426Z - debug: The process cannot access the file because it is being used by another process.

2020-09-29T16:05:10.333Z - debug: The process cannot access the file because it is being used by another process.

2020-09-29T16:05:10.368Z - debug: The process cannot access the file because it is being used by another process.

2020-09-29T16:05:11.957Z - debug:  
2020-09-29T16:05:12.595Z - debug:  
2020-09-29T16:05:40.917Z - debug: The process cannot access the file because it is being used by another process.

2020-09-29T16:05:42.945Z - debug: The process cannot access the file because it is being used by another process.

2020-09-29T16:05:42.956Z - debug:  
2020-09-29T16:05:44.276Z - debug: The process cannot access the file because it is being used by another process.

2020-09-29T16:05:45.044Z - debug: The process cannot access the file because it is being used by another process.

2020-09-29T16:05:45.230Z - debug:  
2020-09-29T16:05:48.521Z - debug: The process cannot access the file because it is being used by another process.

2020-09-29T16:05:48.521Z - debug:  
2020-09-29T16:05:52.124Z - debug: The process cannot access the file because it is being used by another process.

2020-09-29T16:05:52.125Z - debug: The process cannot access the file because it is being used by another process.

2020-09-29T16:05:54.030Z - debug: The process cannot access the file because it is being used by another process.

2020-09-29T16:05:54.030Z - debug: The process cannot access the file because it is being used by another process.

2020-09-29T16:05:54.031Z - debug:  
2020-09-29T16:05:56.472Z - debug:  
2020-09-29T16:05:58.119Z - debug:  
2020-09-29T16:05:58.248Z - debug:  
2020-09-29T16:06:05.071Z - debug: The process cannot access the file because it is being used by another process.

2020-09-29T16:06:07.061Z - debug: The process cannot access the file because it is being used by another process.

2020-09-29T16:06:07.219Z - debug:  
2020-09-29T16:06:30.526Z - debug:  
2020-09-29T16:06:30.632Z - debug:  
2020-09-29T16:06:30.633Z - debug:  
2020-09-29T16:06:30.633Z - debug:  
2020-09-29T16:06:32.528Z - debug: The process cannot access the file because it is being used by another process.

2020-09-29T16:06:36.244Z - debug:  
2020-09-29T16:06:36.596Z - debug:  
2020-09-29T16:06:36.597Z - debug:  
2020-09-29T16:06:47.969Z - debug:  
2020-09-29T16:06:47.969Z - debug:  
2020-09-29T16:06:47.969Z - debug:  
2020-09-29T16:06:47.969Z - debug:  
2020-09-29T16:06:47.970Z - debug:  
2020-09-29T16:06:54.487Z - debug: The process cannot access the file because it is being used by another process.

2020-09-29T16:06:57.332Z - debug:  
2020-09-29T16:06:59.919Z - debug:  
2020-09-29T16:06:59.919Z - debug:  
2020-09-29T16:07:07.874Z - debug:  
2020-09-29T16:07:22.650Z - debug:  
2020-09-29T16:07:25.365Z - debug:  
2020-09-29T16:07:25.366Z - debug:  
2020-09-29T16:07:31.263Z - debug:  
2020-09-29T16:07:31.263Z - debug:  
2020-09-29T16:07:45.284Z - debug:  
2020-09-29T16:07:46.150Z - debug:  
2020-09-29T16:08:17.767Z - debug:  
2020-09-29T16:08:36.226Z - debug:  
2020-09-29T16:08:36.226Z - debug:  
2020-09-29T16:08:52.865Z - info: Pages built
2020-09-29T16:10:03.372Z - info: Website generation complete! Total build time: 358.588s
2020-09-29T16:10:03.396Z - info: Build success!
2020-09-29T16:10:03.400Z - debug:  
2020-09-29T16:10:03.408Z - info: Site data built
2020-09-29T16:10:43.570Z - info: Deployed!
2020-09-29T16:11:40.669Z - info: Website generation started at 12:11:34 AM
2020-09-29T16:11:50.467Z - info: Building assets...
