2020-07-21T16:06:18.123Z - info: Building C:\repos\nus-cs2103-AY2021S1\cs2103-website\schedule\week1\topics as some of its dependencies were changed since the last visit
2020-07-21T16:06:20.399Z - info: Site data built
2020-07-21T16:06:20.400Z - info: Lazy website regeneration complete! Total build time: 2.279s
2020-07-21T16:06:38.655Z - info: [12:06:38 AM] Reload for file add: C:\repos\nus-cs2103-AY2021S1\cs2103-website\schedule\week1\commentary-tic2002.mbdf
2020-07-21T16:06:39.661Z - info: File added or removed, updating list of site's pages...
2020-07-21T16:06:44.834Z - info: Assets removed
2020-07-21T16:06:46.038Z - info: Building C:\repos\nus-cs2103-AY2021S1\cs2103-website\schedule\week1\topics as some of its dependencies were changed since the last visit
2020-07-21T16:06:47.933Z - info: Site data built
2020-07-21T16:06:47.936Z - info: Lazy website regeneration complete! Total build time: 1.899s
2020-07-21T16:07:06.419Z - info: [12:07:06 AM] Reload for file change: C:\repos\nus-cs2103-AY2021S1\cs2103-website\schedule\week1\commentary-tic2002.mbdf
2020-07-21T16:07:07.433Z - info: Rebuilding 1 pages
2020-07-21T16:07:09.209Z - info: Pages rebuilt
2020-07-21T16:07:09.209Z - info: Website regeneration complete! Total build time: 1.777s
2020-07-21T16:07:09.214Z - info: Site data built
2020-07-21T16:07:41.864Z - info: [12:07:41 AM] Reload for file change: C:\repos\nus-cs2103-AY2021S1\cs2103-website\schedule\week1\commentary-tic2002.mbdf
2020-07-21T16:07:42.902Z - info: Rebuilding 1 pages
2020-07-21T16:07:44.877Z - info: Pages rebuilt
2020-07-21T16:07:44.878Z - info: Website regeneration complete! Total build time: 1.979s
2020-07-21T16:07:44.935Z - info: Site data built
2020-07-21T16:08:34.742Z - info: [12:08:34 AM] Reload for file change: C:\repos\nus-cs2103-AY2021S1\cs2103-website\_module-TIC2002\weeklyTextbookTopics.mbdf
2020-07-21T16:08:35.754Z - info: No pages needed to be rebuilt
2020-07-21T16:10:02.645Z - info: [12:10:02 AM] Reload for file change: C:\repos\nus-cs2103-AY2021S1\cs2103-website\schedule\week1\commentary-tic2002.mbdf
2020-07-21T16:10:03.653Z - info: Rebuilding 1 pages
2020-07-21T16:10:18.430Z - info: Website generation (lazy) started at 12:10:13 AM
2020-07-21T16:10:30.537Z - info: Building assets...
2020-07-21T16:10:36.810Z - info: Assets built
2020-07-21T16:10:36.810Z - info: Generating landing page...
2020-07-21T16:10:38.734Z - info: Landing page built, other pages will be built as you navigate to them!
2020-07-21T16:10:38.827Z - info: Website generation (lazy) complete! Total build time: 24.951s
2020-07-21T16:10:40.286Z - info: Serving "C:\repos\nus-cs2103-AY2021S1\cs2103-website\_site" at http://127.0.0.1:8080
2020-07-21T16:10:40.286Z - info: Press CTRL+C to stop ...
2020-07-21T16:10:40.348Z - info: Site data built
2020-07-21T16:14:01.667Z - info: Building C:\repos\nus-cs2103-AY2021S1\cs2103-website\schedule\week1\topics as some of its dependencies were changed since the last visit
2020-07-21T16:14:04.645Z - info: Site data built
2020-07-21T16:14:04.649Z - info: Lazy website regeneration complete! Total build time: 2.981s
2020-07-21T16:15:19.660Z - info: Building C:\repos\nus-cs2103-AY2021S1\cs2103-website\schedule\week2\index as some of its dependencies were changed since the last visit
2020-07-21T16:15:20.538Z - info: Site data built
2020-07-21T16:15:20.539Z - info: Lazy website regeneration complete! Total build time: 0.881s
2020-07-21T16:45:14.792Z - info: Building C:\repos\nus-cs2103-AY2021S1\cs2103-website\schedule\week2\topics as some of its dependencies were changed since the last visit
2020-07-21T16:45:17.591Z - info: Site data built
2020-07-21T16:45:17.593Z - info: Lazy website regeneration complete! Total build time: 2.809s
2020-07-21T16:45:47.978Z - info: [12:45:47 AM] Reload for file add: C:\repos\nus-cs2103-AY2021S1\cs2103-website\schedule\week2\commentary-tic2002.mbdf
2020-07-21T16:45:48.987Z - info: File added or removed, updating list of site's pages...
2020-07-21T16:45:55.068Z - info: Assets removed
2020-07-21T16:45:56.251Z - info: Building C:\repos\nus-cs2103-AY2021S1\cs2103-website\schedule\week2\topics as some of its dependencies were changed since the last visit
2020-07-21T16:45:59.878Z - info: Site data built
2020-07-21T16:45:59.883Z - info: Lazy website regeneration complete! Total build time: 3.633s
2020-07-21T16:48:11.891Z - info: [12:48:11 AM] Reload for file change: C:\repos\nus-cs2103-AY2021S1\cs2103-website\admin\common-commentary.mbdf
2020-07-21T16:48:12.917Z - info: Rebuilding 1 pages
2020-07-21T16:48:15.840Z - info: Pages rebuilt
2020-07-21T16:48:15.840Z - info: Website regeneration complete! Total build time: 2.93s
2020-07-21T16:48:15.862Z - info: Site data built
2020-07-21T16:48:43.178Z - info: [12:48:43 AM] Reload for file change: C:\repos\nus-cs2103-AY2021S1\cs2103-website\schedule\week2\commentary-tic2002.mbdf
2020-07-21T16:48:44.181Z - info: Rebuilding 1 pages
2020-07-21T16:48:47.190Z - info: Pages rebuilt
2020-07-21T16:48:47.190Z - info: Website regeneration complete! Total build time: 3.01s
2020-07-21T16:48:47.213Z - info: Site data built
2020-07-21T16:52:15.830Z - info: [12:52:15 AM] Reload for file change: C:\repos\nus-cs2103-AY2021S1\cs2103-website\schedule\week2\commentary-tic2002.mbdf
2020-07-21T16:52:16.856Z - info: Rebuilding 1 pages
2020-07-21T16:52:19.544Z - info: Pages rebuilt
2020-07-21T16:52:19.544Z - info: Website regeneration complete! Total build time: 2.706s
2020-07-21T16:52:19.560Z - info: Site data built
2020-07-21T16:52:38.403Z - info: [12:52:38 AM] Reload for file change: C:\repos\nus-cs2103-AY2021S1\cs2103-website\schedule\week2\commentary-tic2002.mbdf
2020-07-21T16:52:39.410Z - info: Rebuilding 1 pages
2020-07-21T16:52:41.648Z - info: Pages rebuilt
2020-07-21T16:52:41.648Z - info: Website regeneration complete! Total build time: 2.242s
2020-07-21T16:52:41.658Z - info: Site data built
2020-07-21T16:53:56.403Z - info: [12:53:56 AM] Reload for file change: C:\repos\nus-cs2103-AY2021S1\cs2103-website\admin\common-commentary.mbdf
2020-07-21T16:53:57.417Z - info: Rebuilding 1 pages
2020-07-21T16:54:00.198Z - info: Pages rebuilt
2020-07-21T16:54:00.198Z - info: Website regeneration complete! Total build time: 2.783s
2020-07-21T16:54:00.211Z - info: Site data built
2020-07-21T16:58:50.978Z - info: [12:58:50 AM] Reload for file change: C:\repos\nus-cs2103-AY2021S1\cs2103-website\admin\common-commentary.mbdf
2020-07-21T16:58:51.987Z - info: Rebuilding 1 pages
2020-07-21T16:58:54.830Z - info: Pages rebuilt
2020-07-21T16:58:54.830Z - info: Website regeneration complete! Total build time: 2.848s
2020-07-21T16:58:54.843Z - info: Site data built
2020-07-21T16:59:32.649Z - info: [12:59:32 AM] Reload for file change: C:\repos\nus-cs2103-AY2021S1\cs2103-website\admin\common-commentary.mbdf
2020-07-21T16:59:33.662Z - info: Rebuilding 1 pages
2020-07-21T16:59:36.453Z - info: Pages rebuilt
2020-07-21T16:59:36.453Z - info: Website regeneration complete! Total build time: 2.796s
2020-07-21T16:59:36.469Z - info: Site data built
2020-07-21T17:02:19.034Z - info: [1:02:19 AM] Reload for file change: C:\repos\nus-cs2103-AY2021S1\cs2103-website\schedule\week2\commentary-tic2002.mbdf
2020-07-21T17:02:20.038Z - info: Rebuilding 1 pages
2020-07-21T17:02:22.826Z - info: Pages rebuilt
2020-07-21T17:02:22.826Z - info: Website regeneration complete! Total build time: 2.79s
2020-07-21T17:02:22.845Z - info: Site data built
2020-07-21T17:05:01.376Z - info: [1:05:01 AM] Reload for file change: C:\repos\nus-cs2103-AY2021S1\cs2103-website\admin\common-commentary.mbdf
2020-07-21T17:05:02.386Z - info: Rebuilding 1 pages
2020-07-21T17:05:05.144Z - info: Pages rebuilt
2020-07-21T17:05:05.145Z - info: Website regeneration complete! Total build time: 2.763s
2020-07-21T17:05:05.159Z - info: Site data built
2020-07-21T17:06:22.066Z - info: [1:06:22 AM] Reload for file change: C:\repos\nus-cs2103-AY2021S1\cs2103-website\_module-TIC2002\weeklyTextbookTopics.mbdf
2020-07-21T17:06:22.075Z - info: [1:06:22 AM] Reload for file change: C:\repos\nus-cs2103-AY2021S1\cs2103-website\admin\common-commentary.mbdf
2020-07-21T17:06:23.070Z - info: Rebuilding 1 pages
2020-07-21T17:06:32.226Z - info: Website generation (lazy) started at 1:06:29 AM
2020-07-21T17:06:40.528Z - info: Building assets...
2020-07-21T17:06:46.622Z - info: Assets built
2020-07-21T17:06:46.623Z - info: Generating landing page...
2020-07-21T17:06:48.930Z - info: Landing page built, other pages will be built as you navigate to them!
2020-07-21T17:06:49.049Z - info: Website generation (lazy) complete! Total build time: 19.806s
2020-07-21T17:06:49.938Z - info: Serving "C:\repos\nus-cs2103-AY2021S1\cs2103-website\_site" at http://127.0.0.1:8080
2020-07-21T17:06:49.939Z - info: Press CTRL+C to stop ...
2020-07-21T17:06:50.003Z - info: Site data built
2020-07-21T17:07:00.968Z - info: Building C:\repos\nus-cs2103-AY2021S1\cs2103-website\schedule\week2\topics as some of its dependencies were changed since the last visit
2020-07-21T17:07:05.846Z - info: Site data built
2020-07-21T17:07:05.861Z - info: Lazy website regeneration complete! Total build time: 4.894s
2020-07-21T17:08:54.510Z - info: [1:08:54 AM] Reload for file change: C:\repos\nus-cs2103-AY2021S1\cs2103-website\_module-TIC2002\weeklyTextbookTopics.mbdf
2020-07-21T17:08:54.526Z - info: [1:08:54 AM] Reload for file change: C:\repos\nus-cs2103-AY2021S1\cs2103-website\schedule\week2\commentary-tic2002.mbdf
2020-07-21T17:08:55.523Z - info: Rebuilding 1 pages
2020-07-21T17:09:02.709Z - info: Website generation (lazy) started at 1:09:00 AM
2020-07-21T17:09:10.811Z - info: Building assets...
2020-07-21T17:09:16.409Z - info: Assets built
2020-07-21T17:09:16.410Z - info: Generating landing page...
2020-07-21T17:09:18.754Z - info: Landing page built, other pages will be built as you navigate to them!
2020-07-21T17:09:18.948Z - info: Website generation (lazy) complete! Total build time: 18.698s
2020-07-21T17:09:20.022Z - info: Serving "C:\repos\nus-cs2103-AY2021S1\cs2103-website\_site" at http://127.0.0.1:8080
2020-07-21T17:09:20.022Z - info: Press CTRL+C to stop ...
2020-07-21T17:09:20.088Z - info: Site data built
2020-07-21T17:09:32.446Z - info: Building C:\repos\nus-cs2103-AY2021S1\cs2103-website\schedule\week2\topics as some of its dependencies were changed since the last visit
2020-07-21T17:09:35.209Z - info: Site data built
2020-07-21T17:09:35.210Z - info: Lazy website regeneration complete! Total build time: 2.765s
2020-07-21T17:10:32.433Z - info: Building C:\repos\nus-cs2103-AY2021S1\cs2103-website\schedule\week3\index as some of its dependencies were changed since the last visit
2020-07-21T17:10:33.017Z - info: Site data built
2020-07-21T17:10:33.018Z - info: Lazy website regeneration complete! Total build time: 0.587s
2020-07-21T17:10:39.410Z - info: Building C:\repos\nus-cs2103-AY2021S1\cs2103-website\schedule\week2\admin as some of its dependencies were changed since the last visit
2020-07-21T17:10:39.597Z - info: Site data built
2020-07-21T17:10:39.598Z - info: Lazy website regeneration complete! Total build time: 0.188s
2020-07-21T17:12:27.487Z - info: [1:12:27 AM] Reload for file add: C:\repos\nus-cs2103-AY2021S1\cs2103-website\schedule\week3\commentary-tic2002.mbdf
2020-07-21T17:12:28.490Z - info: File added or removed, updating list of site's pages...
2020-07-21T17:12:33.093Z - info: Assets removed
2020-07-21T17:12:34.256Z - info: Building C:\repos\nus-cs2103-AY2021S1\cs2103-website\schedule\week3\index as some of its dependencies were changed since the last visit
2020-07-21T17:12:34.582Z - info: Site data built
2020-07-21T17:12:34.582Z - info: Lazy website regeneration complete! Total build time: 0.327s
2020-07-21T17:12:52.819Z - info: [1:12:52 AM] Reload for file change: C:\repos\nus-cs2103-AY2021S1\cs2103-website\schedule\week3\commentary-tic2002.mbdf
2020-07-21T17:12:53.825Z - info: No pages needed to be rebuilt
2020-07-21T17:12:53.878Z - info: Building C:\repos\nus-cs2103-AY2021S1\cs2103-website\schedule\week3\topics as some of its dependencies were changed since the last visit
2020-07-21T17:12:55.518Z - info: Site data built
2020-07-21T17:12:55.522Z - info: Lazy website regeneration complete! Total build time: 1.645s
2020-07-21T17:13:48.448Z - info: Building C:\repos\nus-cs2103-AY2021S1\cs2103-website\schedule\week2\topics as some of its dependencies were changed since the last visit
2020-07-21T17:13:51.500Z - info: Site data built
2020-07-21T17:13:51.503Z - info: Lazy website regeneration complete! Total build time: 3.057s
2020-07-21T17:14:05.983Z - info: [1:14:05 AM] Reload for file change: C:\repos\nus-cs2103-AY2021S1\cs2103-website\schedule\week3\commentary-tic2002.mbdf
2020-07-21T17:14:06.994Z - info: No pages needed to be rebuilt
2020-07-21T17:14:11.403Z - info: Building C:\repos\nus-cs2103-AY2021S1\cs2103-website\schedule\week3\topics as some of its dependencies were changed since the last visit
2020-07-21T17:14:13.014Z - info: Site data built
2020-07-21T17:14:13.015Z - info: Lazy website regeneration complete! Total build time: 1.612s
2020-07-21T17:15:16.754Z - info: [1:15:16 AM] Reload for file change: C:\repos\nus-cs2103-AY2021S1\cs2103-website\_module-TIC2002\weeklyTextbookTopics.mbdf
2020-07-21T17:15:17.758Z - info: No pages needed to be rebuilt
2020-07-21T17:15:24.655Z - info: Website generation (lazy) started at 1:15:22 AM
2020-07-21T17:15:32.751Z - info: Building assets...
2020-07-21T17:15:38.511Z - info: Assets built
2020-07-21T17:15:38.512Z - info: Generating landing page...
2020-07-21T17:15:40.720Z - info: Landing page built, other pages will be built as you navigate to them!
2020-07-21T17:15:40.910Z - info: Website generation (lazy) complete! Total build time: 18.617s
2020-07-21T17:15:42.148Z - info: Serving "C:\repos\nus-cs2103-AY2021S1\cs2103-website\_site" at http://127.0.0.1:8080
2020-07-21T17:15:42.148Z - info: Press CTRL+C to stop ...
2020-07-21T17:15:42.203Z - info: Site data built
2020-07-21T17:16:23.086Z - info: [1:16:23 AM] Reload for file change: C:\repos\nus-cs2103-AY2021S1\cs2103-website\schedule\week3\commentary-tic2002.mbdf
2020-07-21T17:16:24.096Z - info: No pages needed to be rebuilt
2020-07-21T17:16:29.588Z - info: Building C:\repos\nus-cs2103-AY2021S1\cs2103-website\schedule\week3\topics as some of its dependencies were changed since the last visit
2020-07-21T17:16:31.822Z - info: Site data built
2020-07-21T17:16:31.823Z - info: Lazy website regeneration complete! Total build time: 2.236s
2020-07-21T17:20:09.621Z - info: [1:20:09 AM] Reload for file change: C:\repos\nus-cs2103-AY2021S1\cs2103-website\_markbind\variables.md
2020-07-21T17:20:09.639Z - info: [1:20:09 AM] Reload for file change: C:\repos\nus-cs2103-AY2021S1\cs2103-website\admin\common-commentary.mbdf
2020-07-21T17:20:10.822Z - warn: Rebuilding all pages as variables file was changed, or the --force-reload flag was set
2020-07-21T17:20:10.830Z - info: Rebuilding 1 pages
2020-07-21T17:20:12.700Z - info: Pages rebuilt
2020-07-21T17:20:12.700Z - info: Website regeneration complete! Total build time: 2.073s
2020-07-21T17:20:12.720Z - info: Site data built
2020-07-21T17:22:43.558Z - info: [1:22:43 AM] Reload for file change: C:\repos\nus-cs2103-AY2021S1\cs2103-website\admin\common-commentary.mbdf
2020-07-21T17:22:44.573Z - info: Rebuilding 1 pages
2020-07-21T17:22:46.670Z - info: Pages rebuilt
2020-07-21T17:22:46.670Z - info: Website regeneration complete! Total build time: 2.104s
2020-07-21T17:22:46.695Z - info: Site data built
2020-07-21T17:23:06.749Z - info: [1:23:06 AM] Reload for file change: C:\repos\nus-cs2103-AY2021S1\cs2103-website\admin\common-commentary.mbdf
2020-07-21T17:23:07.764Z - info: Rebuilding 1 pages
2020-07-21T17:23:09.640Z - info: Pages rebuilt
2020-07-21T17:23:09.640Z - info: Website regeneration complete! Total build time: 1.88s
2020-07-21T17:23:09.653Z - info: Site data built
2020-07-21T17:23:39.157Z - info: [1:23:39 AM] Reload for file change: C:\repos\nus-cs2103-AY2021S1\cs2103-website\admin\common-commentary.mbdf
2020-07-21T17:23:40.169Z - info: Rebuilding 1 pages
2020-07-21T17:23:41.972Z - info: Pages rebuilt
2020-07-21T17:23:41.972Z - info: Website regeneration complete! Total build time: 1.808s
2020-07-21T17:23:41.983Z - info: Site data built
2020-07-21T17:33:41.208Z - info: Website generation (lazy) started at 1:33:38 AM
2020-07-21T17:33:51.024Z - info: Building assets...
2020-07-21T17:33:56.627Z - info: Assets built
2020-07-21T17:33:56.628Z - info: Generating landing page...
2020-07-21T17:33:58.540Z - info: Landing page built, other pages will be built as you navigate to them!
2020-07-21T17:33:58.647Z - info: Website generation (lazy) complete! Total build time: 20.019s
2020-07-21T17:33:59.572Z - info: Serving "C:\repos\nus-cs2103-AY2021S1\cs2103-website\_site" at http://127.0.0.1:8080
2020-07-21T17:33:59.573Z - info: Press CTRL+C to stop ...
2020-07-21T17:33:59.641Z - info: Site data built
2020-07-21T17:37:28.398Z - info: [1:37:28 AM] Reload for file change: C:\repos\nus-cs2103-AY2021S1\cs2103-website\_markbind\variables.md
2020-07-21T17:37:29.615Z - warn: Rebuilding all pages as variables file was changed, or the --force-reload flag was set
2020-07-21T17:37:29.621Z - info: Rebuilding 1 pages
2020-07-21T17:37:31.238Z - info: Pages rebuilt
2020-07-21T17:37:31.239Z - info: Website regeneration complete! Total build time: 1.832s
2020-07-21T17:37:31.257Z - info: Site data built
2020-07-21T17:37:58.966Z - info: [1:37:58 AM] Reload for file change: C:\repos\nus-cs2103-AY2021S1\cs2103-website\_markbind\headers\header.md
2020-07-21T17:37:59.973Z - info: Rebuilding 1 pages
2020-07-21T17:38:01.978Z - info: Pages rebuilt
2020-07-21T17:38:01.979Z - info: Website regeneration complete! Total build time: 2.009s
2020-07-21T17:38:02.005Z - info: Site data built
2020-07-21T17:38:30.416Z - info: Building C:\repos\nus-cs2103-AY2021S1\cs2103-website\admin\index as some of its dependencies were changed since the last visit
2020-07-21T17:38:32.415Z - info: Site data built
2020-07-21T17:38:32.416Z - info: Lazy website regeneration complete! Total build time: 2.001s
2020-07-21T17:39:58.602Z - info: [1:39:58 AM] Reload for file change: C:\repos\nus-cs2103-AY2021S1\cs2103-website\_markbind\headers\header.md
2020-07-21T17:39:59.612Z - info: Rebuilding 1 pages
2020-07-21T17:40:01.811Z - info: Pages rebuilt
2020-07-21T17:40:01.811Z - info: Website regeneration complete! Total build time: 2.205s
2020-07-21T17:40:01.872Z - info: Site data built
2020-07-21T17:40:17.508Z - info: [1:40:17 AM] Reload for file change: C:\repos\nus-cs2103-AY2021S1\cs2103-website\_markbind\headers\header.md
2020-07-21T17:40:18.516Z - info: Rebuilding 1 pages
2020-07-21T17:40:20.303Z - info: Pages rebuilt
2020-07-21T17:40:20.303Z - info: Website regeneration complete! Total build time: 1.79s
2020-07-21T17:40:20.325Z - info: Site data built
2020-07-21T17:41:29.781Z - info: [1:41:29 AM] Reload for file change: C:\repos\nus-cs2103-AY2021S1\cs2103-website\_markbind\variables.md
2020-07-21T17:41:30.906Z - warn: Rebuilding all pages as variables file was changed, or the --force-reload flag was set
2020-07-21T17:41:30.910Z - info: Rebuilding 1 pages
2020-07-21T17:41:32.679Z - info: Pages rebuilt
2020-07-21T17:41:32.680Z - info: Website regeneration complete! Total build time: 1.89s
2020-07-21T17:41:32.691Z - info: Site data built
2020-07-21T17:42:47.291Z - info: [1:42:47 AM] Reload for file change: C:\repos\nus-cs2103-AY2021S1\cs2103-website\_markbind\variables.md
2020-07-21T17:42:48.461Z - warn: Rebuilding all pages as variables file was changed, or the --force-reload flag was set
2020-07-21T17:42:48.465Z - info: Rebuilding 1 pages
2020-07-21T17:42:49.974Z - info: Pages rebuilt
2020-07-21T17:42:49.974Z - info: Website regeneration complete! Total build time: 1.68s
2020-07-21T17:42:49.985Z - info: Site data built
2020-07-21T17:44:14.413Z - info: [1:44:14 AM] Reload for file change: C:\repos\nus-cs2103-AY2021S1\cs2103-website\_markbind\headers\header.md
2020-07-21T17:44:15.417Z - info: Rebuilding 1 pages
2020-07-21T17:44:17.814Z - info: Pages rebuilt
2020-07-21T17:44:17.814Z - info: Website regeneration complete! Total build time: 2.398s
2020-07-21T17:44:17.874Z - info: Site data built
2020-07-21T17:45:28.568Z - info: [1:45:28 AM] Reload for file change: C:\repos\nus-cs2103-AY2021S1\cs2103-website\_markbind\headers\header.md
2020-07-21T17:45:29.574Z - info: Rebuilding 1 pages
2020-07-21T17:45:31.785Z - info: Pages rebuilt
2020-07-21T17:45:31.786Z - info: Website regeneration complete! Total build time: 2.214s
2020-07-21T17:45:31.842Z - info: Site data built
2020-07-21T17:48:06.738Z - info: [1:48:06 AM] Reload for file change: C:\repos\nus-cs2103-AY2021S1\cs2103-website\_markbind\headers\header.md
2020-07-21T17:48:07.745Z - info: Rebuilding 1 pages
2020-07-21T17:48:10.363Z - info: Pages rebuilt
2020-07-21T17:48:10.363Z - info: Website regeneration complete! Total build time: 2.62s
2020-07-21T17:48:10.426Z - info: Site data built
2020-07-21T17:48:36.132Z - info: [1:48:36 AM] Reload for file change: C:\repos\nus-cs2103-AY2021S1\cs2103-website\_markbind\headers\header.md
2020-07-21T17:48:37.141Z - info: Rebuilding 1 pages
2020-07-21T17:48:39.170Z - info: Pages rebuilt
2020-07-21T17:48:39.170Z - info: Website regeneration complete! Total build time: 2.034s
2020-07-21T17:48:39.232Z - info: Site data built
2020-07-21T17:50:30.063Z - info: [1:50:30 AM] Reload for file change: C:\repos\nus-cs2103-AY2021S1\cs2103-website\_markbind\headers\header.md
2020-07-21T17:50:31.071Z - info: Rebuilding 1 pages
2020-07-21T17:50:33.117Z - info: Pages rebuilt
2020-07-21T17:50:33.117Z - info: Website regeneration complete! Total build time: 2.05s
2020-07-21T17:50:33.168Z - info: Site data built
2020-07-21T17:50:55.308Z - info: [1:50:55 AM] Reload for file change: C:\repos\nus-cs2103-AY2021S1\cs2103-website\_markbind\headers\header.md
2020-07-21T17:50:56.312Z - info: Rebuilding 1 pages
2020-07-21T17:50:57.961Z - info: Pages rebuilt
2020-07-21T17:50:57.961Z - info: Website regeneration complete! Total build time: 1.652s
2020-07-21T17:50:57.972Z - info: Site data built
2020-07-21T17:53:26.276Z - info: [1:53:26 AM] Reload for file change: C:\repos\nus-cs2103-AY2021S1\cs2103-website\_markbind\variables.md
2020-07-21T17:53:27.443Z - warn: Rebuilding all pages as variables file was changed, or the --force-reload flag was set
2020-07-21T17:53:27.447Z - info: Rebuilding 1 pages
2020-07-21T17:53:29.006Z - info: Pages rebuilt
2020-07-21T17:53:29.006Z - info: Website regeneration complete! Total build time: 1.726s
2020-07-21T17:53:29.015Z - info: Site data built
2020-07-21T18:01:53.409Z - info: Website generation started at 2:01:51 AM
2020-07-21T18:02:01.701Z - info: Building assets...
