2020-09-24T16:04:52.455Z - info: Website generation started at 12:04:48 AM
2020-09-24T16:05:01.415Z - info: Building assets...
2020-09-24T16:05:07.068Z - info: Assets built
2020-09-24T16:05:07.069Z - info: Generating pages...
2020-09-24T16:05:21.707Z - debug: The process cannot access the file because it is being used by another process.

2020-09-24T16:05:21.708Z - debug: The process cannot access the file because it is being used by another process.

2020-09-24T16:05:25.710Z - debug:  
2020-09-24T16:05:25.710Z - debug:  
2020-09-24T16:05:25.710Z - debug:  
2020-09-24T16:05:25.711Z - debug:  
2020-09-24T16:05:25.711Z - debug:  
2020-09-24T16:05:26.007Z - debug:  
2020-09-24T16:05:26.668Z - debug:  
2020-09-24T16:05:26.668Z - debug:  
2020-09-24T16:05:32.153Z - debug:  
2020-09-24T16:05:32.153Z - debug: The process cannot access the file because it is being used by another process.

2020-09-24T16:05:32.153Z - debug:  
2020-09-24T16:05:33.942Z - debug: The process cannot access the file because it is being used by another process.

2020-09-24T16:05:33.943Z - debug: The process cannot access the file because it is being used by another process.

2020-09-24T16:05:34.187Z - debug:  
2020-09-24T16:05:34.274Z - debug:  
2020-09-24T16:05:34.274Z - debug:  
2020-09-24T16:05:34.650Z - debug: The process cannot access the file because it is being used by another process.

2020-09-24T16:05:34.651Z - debug: The process cannot access the file because it is being used by another process.

2020-09-24T16:05:38.110Z - debug:  
2020-09-24T16:05:38.111Z - debug:  
2020-09-24T16:05:51.414Z - debug: The process cannot access the file because it is being used by another process.

2020-09-24T16:05:53.122Z - debug: The process cannot access the file because it is being used by another process.

2020-09-24T16:05:53.122Z - debug: The process cannot access the file because it is being used by another process.

2020-09-24T16:05:53.122Z - debug:  
2020-09-24T16:05:54.665Z - debug: The process cannot access the file because it is being used by another process.

2020-09-24T16:05:55.511Z - debug: The process cannot access the file because it is being used by another process.

2020-09-24T16:05:56.619Z - debug:  
2020-09-24T16:05:58.265Z - debug:  
2020-09-24T16:06:00.867Z - debug: The process cannot access the file because it is being used by another process.

2020-09-24T16:06:00.868Z - debug: The process cannot access the file because it is being used by another process.

2020-09-24T16:06:02.292Z - debug: The process cannot access the file because it is being used by another process.

2020-09-24T16:06:02.293Z - debug:  
2020-09-24T16:06:02.293Z - debug: The process cannot access the file because it is being used by another process.

2020-09-24T16:06:02.422Z - debug:  
2020-09-24T16:06:05.901Z - debug:  
2020-09-24T16:06:05.959Z - debug:  
2020-09-24T16:06:11.747Z - debug: The process cannot access the file because it is being used by another process.

2020-09-24T16:06:13.739Z - debug: The process cannot access the file because it is being used by another process.

2020-09-24T16:06:13.893Z - debug:  
2020-09-24T16:06:34.992Z - debug:  
2020-09-24T16:06:35.155Z - debug:  
2020-09-24T16:06:35.155Z - debug:  
2020-09-24T16:06:35.156Z - debug:  
2020-09-24T16:06:36.953Z - debug: The process cannot access the file because it is being used by another process.

2020-09-24T16:06:40.368Z - debug:  
2020-09-24T16:06:40.584Z - debug:  
2020-09-24T16:06:40.879Z - debug:  
2020-09-24T16:06:51.909Z - debug:  
2020-09-24T16:06:52.964Z - debug:  
2020-09-24T16:06:52.964Z - debug:  
2020-09-24T16:06:52.964Z - debug:  
2020-09-24T16:06:52.964Z - debug:  
2020-09-24T16:06:58.373Z - debug: The process cannot access the file because it is being used by another process.

2020-09-24T16:07:01.062Z - debug:  
2020-09-24T16:07:01.689Z - debug:  
2020-09-24T16:07:02.533Z - debug:  
2020-09-24T16:07:07.476Z - debug:  
2020-09-24T16:07:19.034Z - debug:  
2020-09-24T16:07:19.034Z - debug:  
2020-09-24T16:07:19.034Z - debug:  
2020-09-24T16:07:28.839Z - debug:  
2020-09-24T16:07:28.839Z - debug:  
2020-09-24T16:07:36.886Z - debug:  
2020-09-24T16:07:40.522Z - debug:  
2020-09-24T16:08:05.661Z - debug:  
2020-09-24T16:08:20.370Z - debug:  
2020-09-24T16:08:20.371Z - debug:  
2020-09-24T16:08:31.616Z - info: Pages built
2020-09-24T16:09:00.127Z - info: Website generation complete! Total build time: 251.735s
2020-09-24T16:09:00.127Z - info: Build success!
2020-09-24T16:09:00.127Z - debug:  
2020-09-24T16:09:00.134Z - info: Site data built
2020-09-24T16:09:34.645Z - info: Deployed!
2020-09-24T16:32:40.739Z - info: Website generation (lazy) started at 12:32:34 AM
2020-09-24T16:32:50.230Z - info: Building assets...
2020-09-24T16:32:56.018Z - info: Assets built
2020-09-24T16:32:56.019Z - info: Generating landing page...
2020-09-24T16:32:56.859Z - info: Landing page built, other pages will be built as you navigate to them!
2020-09-24T16:32:56.958Z - info: Website generation (lazy) complete! Total build time: 22.108s
2020-09-24T16:32:57.809Z - info: Serving "C:\repos\nus-cs2103-AY2021S1\cs2103-website\_site" at http://127.0.0.1:8080
2020-09-24T16:32:57.809Z - info: Press CTRL+C to stop ...
2020-09-24T16:32:57.870Z - info: Site data built
2020-09-24T16:33:30.242Z - info: Building C:\repos\nus-cs2103-AY2021S1\cs2103-website\schedule\week7\index as some of its dependencies were changed since the last visit
2020-09-24T16:33:30.729Z - info: Site data built
2020-09-24T16:33:30.729Z - info: Lazy website regeneration complete! Total build time: 0.487s
2020-09-24T16:33:39.243Z - info: Building C:\repos\nus-cs2103-AY2021S1\cs2103-website\schedule\week7\topics as some of its dependencies were changed since the last visit
2020-09-24T16:33:44.122Z - info: Site data built
2020-09-24T16:33:44.124Z - info: Lazy website regeneration complete! Total build time: 4.88s
2020-09-24T16:33:46.079Z - debug:  
2020-09-24T16:33:46.080Z - debug:  
2020-09-24T16:34:57.625Z - info: Building C:\repos\nus-cs2103-AY2021S1\cs2103-website\schedule\timeline as some of its dependencies were changed since the last visit
2020-09-24T16:35:00.867Z - info: Site data built
2020-09-24T16:35:00.868Z - info: Lazy website regeneration complete! Total build time: 3.243s
2020-09-24T16:35:07.725Z - info: Building C:\repos\nus-cs2103-AY2021S1\cs2103-website\schedule\week2\admin as some of its dependencies were changed since the last visit
2020-09-24T16:35:07.884Z - info: Site data built
2020-09-24T16:35:07.885Z - info: Lazy website regeneration complete! Total build time: 0.161s
2020-09-24T16:37:17.725Z - info: Website generation started at 12:37:14 AM
2020-09-24T16:37:25.996Z - info: Building assets...
