2020-09-07T17:10:40.840Z - info: Website generation (lazy) started at 1:10:35 AM
2020-09-07T17:10:49.459Z - info: Building assets...
2020-09-07T17:10:55.378Z - info: Assets built
2020-09-07T17:10:55.379Z - info: Generating landing page...
2020-09-07T17:10:56.356Z - info: Landing page built, other pages will be built as you navigate to them!
2020-09-07T17:10:56.472Z - info: Website generation (lazy) complete! Total build time: 21.453s
2020-09-07T17:10:57.328Z - info: Serving "C:\repos\nus-cs2103-AY2021S1\cs2103-website\_site" at http://127.0.0.1:8080
2020-09-07T17:10:57.329Z - info: Press CTRL+C to stop ...
2020-09-07T17:10:57.394Z - info: Site data built
2020-09-07T17:19:18.977Z - info: Building C:\repos\nus-cs2103-AY2021S1\cs2103-website\schedule\week4\topics as some of its dependencies were changed since the last visit
2020-09-07T17:19:22.702Z - debug: The process cannot access the file because it is being used by another process.

2020-09-07T17:19:23.244Z - info: Site data built
2020-09-07T17:19:23.245Z - info: Lazy website regeneration complete! Total build time: 4.276s
2020-09-07T17:19:24.307Z - debug:  
2020-09-07T17:19:31.115Z - info: Building C:\repos\nus-cs2103-AY2021S1\cs2103-website\schedule\week5\topics as some of its dependencies were changed since the last visit
2020-09-07T17:19:33.009Z - info: Site data built
2020-09-07T17:19:33.010Z - info: Lazy website regeneration complete! Total build time: 1.896s
2020-09-07T17:20:36.545Z - info: [1:20:36 AM] Reload for file add: C:\repos\nus-cs2103-AY2021S1\cs2103-website\schedule\week5\commentary-tic2002.mbdf
2020-09-07T17:20:36.551Z - info: [1:20:36 AM] Reload for file change: C:\repos\nus-cs2103-AY2021S1\cs2103-website\schedule\week5\commentary-tic2002.mbdf
2020-09-07T17:20:37.547Z - info: File added or removed, updating list of site's pages...
2020-09-07T17:20:41.669Z - info: No pages needed to be rebuilt
2020-09-07T17:20:42.670Z - info: Assets removed
2020-09-07T17:20:43.827Z - info: Building C:\repos\nus-cs2103-AY2021S1\cs2103-website\schedule\week5\topics as some of its dependencies were changed since the last visit
2020-09-07T17:20:45.927Z - info: Site data built
2020-09-07T17:20:45.929Z - info: Lazy website regeneration complete! Total build time: 2.103s
2020-09-07T17:21:18.085Z - info: [1:21:18 AM] Reload for file change: C:\repos\nus-cs2103-AY2021S1\cs2103-website\schedule\week5\commentary-tic2002.mbdf
2020-09-07T17:21:19.091Z - info: Rebuilding 1 pages
2020-09-07T17:21:20.988Z - info: Pages rebuilt
2020-09-07T17:21:20.988Z - info: Website regeneration complete! Total build time: 1.899s
2020-09-07T17:21:20.995Z - info: Site data built
2020-09-07T17:22:39.368Z - info: [1:22:39 AM] Reload for file change: C:\repos\nus-cs2103-AY2021S1\cs2103-website\schedule\week5\commentary-tic2002.mbdf
2020-09-07T17:22:40.383Z - info: Rebuilding 1 pages
2020-09-07T17:22:43.019Z - info: Pages rebuilt
2020-09-07T17:22:43.020Z - info: Website regeneration complete! Total build time: 2.644s
2020-09-07T17:22:43.083Z - info: Site data built
2020-09-07T17:24:04.190Z - info: [1:24:04 AM] Reload for file change: C:\repos\nus-cs2103-AY2021S1\cs2103-website\schedule\week5\commentary-tic2002.mbdf
2020-09-07T17:24:05.203Z - info: Rebuilding 1 pages
2020-09-07T17:24:07.356Z - info: Pages rebuilt
2020-09-07T17:24:07.356Z - info: Website regeneration complete! Total build time: 2.158s
2020-09-07T17:24:07.399Z - info: Site data built
2020-09-07T17:24:35.645Z - info: [1:24:35 AM] Reload for file change: C:\repos\nus-cs2103-AY2021S1\cs2103-website\schedule\week5\commentary-tic2002.mbdf
2020-09-07T17:24:36.657Z - info: Rebuilding 1 pages
2020-09-07T17:24:39.149Z - info: Pages rebuilt
2020-09-07T17:24:39.151Z - info: Website regeneration complete! Total build time: 2.499s
2020-09-07T17:24:39.210Z - info: Site data built
2020-09-07T17:24:58.288Z - info: Building C:\repos\nus-cs2103-AY2021S1\cs2103-website\schedule\week5\admin as some of its dependencies were changed since the last visit
2020-09-07T17:24:58.776Z - info: Site data built
2020-09-07T17:24:58.777Z - info: Lazy website regeneration complete! Total build time: 0.49s
2020-09-07T17:25:18.540Z - info: Building C:\repos\nus-cs2103-AY2021S1\cs2103-website\schedule\week5\index as some of its dependencies were changed since the last visit
2020-09-07T17:25:18.996Z - info: Site data built
2020-09-07T17:25:18.997Z - info: Lazy website regeneration complete! Total build time: 0.457s
2020-09-07T17:27:30.808Z - info: Website generation started at 1:27:27 AM
2020-09-07T17:27:39.927Z - info: Building assets...
