2020-11-09T16:00:30.823Z - info: [12:00:30 AM] Reload for file change: C:\repos\nus-cs2103-AY2021S1\cs2103-website\admin\exams.md
2020-11-09T16:00:31.851Z - info: Rebuilding 1 pages
2020-11-09T16:00:34.005Z - info: Pages rebuilt
2020-11-09T16:00:34.005Z - info: Website regeneration complete! Total build time: 2.156s
2020-11-09T16:00:34.017Z - info: Site data built
2020-11-09T16:01:11.440Z - info: [12:01:11 AM] Reload for file change: C:\repos\nus-cs2103-AY2021S1\cs2103-website\admin\exams.md
2020-11-09T16:01:12.447Z - info: Rebuilding 1 pages
2020-11-09T16:01:14.532Z - info: Pages rebuilt
2020-11-09T16:01:14.532Z - info: Website regeneration complete! Total build time: 2.087s
2020-11-09T16:01:14.552Z - info: Site data built
2020-11-09T16:02:01.805Z - info: Building C:\repos\nus-cs2103-AY2021S1\cs2103-website\schedule\week12\admin as some of its dependencies were changed since the last visit
2020-11-09T16:02:02.206Z - info: Site data built
2020-11-09T16:02:02.207Z - info: Lazy website regeneration complete! Total build time: 0.403s
2020-11-09T16:02:28.087Z - info: Building C:\repos\nus-cs2103-AY2021S1\cs2103-website\schedule\week13\index as some of its dependencies were changed since the last visit
2020-11-09T16:02:28.223Z - info: Site data built
2020-11-09T16:02:28.223Z - info: Lazy website regeneration complete! Total build time: 0.136s
2020-11-09T16:02:38.209Z - info: Building C:\repos\nus-cs2103-AY2021S1\cs2103-website\schedule\week13\admin as some of its dependencies were changed since the last visit
2020-11-09T16:02:38.390Z - info: Site data built
2020-11-09T16:02:38.391Z - info: Lazy website regeneration complete! Total build time: 0.182s
2020-11-09T16:03:10.679Z - info: Website generation started at 12:03:07 AM
2020-11-09T16:03:20.640Z - info: Building assets...
2020-11-09T16:03:27.110Z - info: Assets built
2020-11-09T16:03:27.111Z - info: Generating pages...
2020-11-09T16:03:45.160Z - debug: The process cannot access the file because it is being used by another process.

2020-11-09T16:03:45.253Z - debug: The process cannot access the file because it is being used by another process.

2020-11-09T16:03:46.618Z - debug: The process cannot access the file because it is being used by another process.

2020-11-09T16:03:46.618Z - debug: The process cannot access the file because it is being used by another process.

2020-11-09T16:03:46.749Z - debug:  
2020-11-09T16:03:47.359Z - debug:  
2020-11-09T16:03:47.360Z - debug:  
2020-11-09T16:03:47.360Z - debug:  
2020-11-09T16:03:47.360Z - debug:  
2020-11-09T16:03:52.230Z - debug: The process cannot access the file because it is being used by another process.

2020-11-09T16:03:52.230Z - debug: The process cannot access the file because it is being used by another process.

2020-11-09T16:03:52.231Z - debug:  
2020-11-09T16:03:53.970Z - debug:  
2020-11-09T16:03:53.971Z - debug: The process cannot access the file because it is being used by another process.

2020-11-09T16:03:53.971Z - debug: The process cannot access the file because it is being used by another process.

2020-11-09T16:03:54.141Z - debug:  
2020-11-09T16:03:54.141Z - debug:  
2020-11-09T16:03:54.594Z - debug: The process cannot access the file because it is being used by another process.

2020-11-09T16:03:54.595Z - debug: The process cannot access the file because it is being used by another process.

2020-11-09T16:03:58.474Z - debug:  
2020-11-09T16:03:58.474Z - debug:  
2020-11-09T16:04:13.667Z - debug: The process cannot access the file because it is being used by another process.

2020-11-09T16:04:14.267Z - debug: The process cannot access the file because it is being used by another process.

2020-11-09T16:04:15.400Z - debug: The process cannot access the file because it is being used by another process.

2020-11-09T16:04:15.466Z - debug:  
2020-11-09T16:04:17.259Z - debug: The process cannot access the file because it is being used by another process.

2020-11-09T16:04:17.982Z - debug: The process cannot access the file because it is being used by another process.

2020-11-09T16:04:19.472Z - debug:  
2020-11-09T16:04:21.496Z - debug:  
2020-11-09T16:04:23.894Z - debug: The process cannot access the file because it is being used by another process.

2020-11-09T16:04:23.894Z - debug: The process cannot access the file because it is being used by another process.

2020-11-09T16:04:25.853Z - debug: The process cannot access the file because it is being used by another process.

2020-11-09T16:04:25.853Z - debug: The process cannot access the file because it is being used by another process.

2020-11-09T16:04:26.143Z - debug:  
2020-11-09T16:04:28.594Z - debug:  
2020-11-09T16:04:30.306Z - debug:  
2020-11-09T16:04:30.419Z - debug:  
2020-11-09T16:04:36.931Z - debug: The process cannot access the file because it is being used by another process.

2020-11-09T16:04:38.980Z - debug: The process cannot access the file because it is being used by another process.

2020-11-09T16:04:39.280Z - debug:  
2020-11-09T16:05:02.833Z - debug:  
2020-11-09T16:05:03.121Z - debug:  
2020-11-09T16:05:03.121Z - debug:  
2020-11-09T16:05:03.300Z - debug:  
2020-11-09T16:05:10.131Z - debug:  
2020-11-09T16:05:10.132Z - debug:  
2020-11-09T16:05:10.132Z - debug:  
2020-11-09T16:05:18.987Z - debug:  
2020-11-09T16:05:19.740Z - debug:  
2020-11-09T16:05:19.741Z - debug:  
2020-11-09T16:05:19.741Z - debug:  
2020-11-09T16:05:19.741Z - debug:  
2020-11-09T16:05:26.512Z - debug: The process cannot access the file because it is being used by another process.

2020-11-09T16:05:27.730Z - debug:  
2020-11-09T16:05:29.256Z - debug:  
2020-11-09T16:05:29.257Z - debug:  
2020-11-09T16:05:36.117Z - debug:  
2020-11-09T16:05:42.339Z - debug:  
2020-11-09T16:05:48.720Z - debug:  
2020-11-09T16:06:00.150Z - debug:  
2020-11-09T16:06:00.150Z - debug:  
2020-11-09T16:06:04.358Z - info: Pages built
2020-11-09T16:06:31.819Z - info: Website generation complete! Total build time: 204.796s
2020-11-09T16:06:31.822Z - info: Build success!
2020-11-09T16:06:31.840Z - info: Site data built
2020-11-09T16:07:16.651Z - info: Deployed!
2020-11-10T10:03:32.873Z - info: Website generation (lazy) started at 6:03:25 PM
2020-11-10T10:03:43.972Z - info: Building assets...
2020-11-10T10:03:51.186Z - info: Assets built
2020-11-10T10:03:51.187Z - info: Generating landing page...
2020-11-10T10:03:53.137Z - info: Landing page built, other pages will be built as you navigate to them!
2020-11-10T10:03:53.287Z - info: Website generation (lazy) complete! Total build time: 27.354s
2020-11-10T10:03:54.238Z - info: Serving "C:\repos\nus-cs2103-AY2021S1\cs2103-website\_site" at http://127.0.0.1:8080
2020-11-10T10:03:54.239Z - info: Press CTRL+C to stop ...
2020-11-10T10:03:54.313Z - info: Site data built
2020-11-10T10:04:21.950Z - info: Building C:\repos\nus-cs2103-AY2021S1\cs2103-website\admin\index as some of its dependencies were changed since the last visit
2020-11-10T10:04:24.633Z - info: Site data built
2020-11-10T10:04:24.634Z - info: Lazy website regeneration complete! Total build time: 2.685s
2020-11-10T10:06:29.104Z - info: [6:06:29 PM] Reload for file change: C:\repos\nus-cs2103-AY2021S1\cs2103-website\admin\exams.md
2020-11-10T10:06:30.113Z - info: Rebuilding 1 pages
2020-11-10T10:06:32.069Z - info: Pages rebuilt
2020-11-10T10:06:32.069Z - info: Website regeneration complete! Total build time: 1.958s
2020-11-10T10:06:32.084Z - info: Site data built
2020-11-10T10:08:03.070Z - info: Website generation started at 6:08:00 PM
2020-11-10T10:08:16.888Z - info: Building assets...
